0 info it worked if it ends with ok
1 verbose cli [ 'D:\\Program Files\\nodejs\\node.exe',
1 verbose cli   'D:\\Program Files\\nodejs\\node_modules\\npm\\bin\\npm-cli.js',
1 verbose cli   'start' ]
2 info using npm@3.10.8
3 info using node@v6.9.1
4 verbose run-script [ 'prestart', 'start', 'poststart' ]
5 info lifecycle mockjsapp@0.0.0~prestart: mockjsapp@0.0.0
6 silly lifecycle mockjsapp@0.0.0~prestart: no script for prestart, continuing
7 info lifecycle mockjsapp@0.0.0~start: mockjsapp@0.0.0
8 verbose lifecycle mockjsapp@0.0.0~start: unsafe-perm in lifecycle true
9 verbose lifecycle mockjsapp@0.0.0~start: PATH: D:\Program Files\nodejs\node_modules\npm\bin\node-gyp-bin;E:\www\mockjsapp\node_modules\.bin;C:\Users\admin\AppData\Local\GitHub\PortableGit_c2ba306e536fdf878271f7fe636a147ff37326ad\cmd;C:\Users\admin\AppData\Local\GitHub\PortableGit_c2ba306e536fdf878271f7fe636a147ff37326ad\bin;C:\Users\admin\AppData\Local\Apps\2.0\DB5JWARG.CB8\Y0KYZ1W6.GPY\gith..tion_317444273a93ac29_0002.000b_c7688529f3903ccc;C:\Users\admin\AppData\Local\GitHub\hawser-amd64_0.4.0;C:\windows\Microsoft.NET\Framework\v4.0.30319;C:\windows\system32;C:\windows;C:\windows\System32\Wbem;C:\windows\System32\WindowsPowerShell\v1.0\;C:\ProgramData\tspcln;C:\Program Files (x86)\NVIDIA Corporation\PhysX\Common;C:\ProgramData\tspcln;D:\Program Files\nodejs\;C:\Program Files\VisualSVN Server\bin;C:\Program Files\TortoiseSVN\bin;C:\Program Files\Git\cmd;C:\Users\admin\AppData\Roaming\npm;C:\Users\admin\AppData\Local\GitHub\4u5mct02.w5k.deleteme\bin;d:\Program Files\Docker Toolbox
10 verbose lifecycle mockjsapp@0.0.0~start: CWD: E:\www\mockjsapp
11 silly lifecycle mockjsapp@0.0.0~start: Args: [ '/d /s /c', 'node ./bin/www' ]
12 silly lifecycle mockjsapp@0.0.0~start: Returned: code: 3221225786  signal: null
13 info lifecycle mockjsapp@0.0.0~start: Failed to exec start script
14 verbose stack Error: mockjsapp@0.0.0 start: `node ./bin/www`
14 verbose stack Exit status 3221225786
14 verbose stack     at EventEmitter.<anonymous> (D:\Program Files\nodejs\node_modules\npm\lib\utils\lifecycle.js:255:16)
14 verbose stack     at emitTwo (events.js:106:13)
14 verbose stack     at EventEmitter.emit (events.js:191:7)
14 verbose stack     at ChildProcess.<anonymous> (D:\Program Files\nodejs\node_modules\npm\lib\utils\spawn.js:40:14)
14 verbose stack     at emitTwo (events.js:106:13)
14 verbose stack     at ChildProcess.emit (events.js:191:7)
14 verbose stack     at maybeClose (internal/child_process.js:877:16)
14 verbose stack     at Process.ChildProcess._handle.onexit (internal/child_process.js:226:5)
15 verbose pkgid mockjsapp@0.0.0
16 verbose cwd E:\www\mockjsapp
17 error Windows_NT 6.1.7601
18 error argv "D:\\Program Files\\nodejs\\node.exe" "D:\\Program Files\\nodejs\\node_modules\\npm\\bin\\npm-cli.js" "start"
19 error node v6.9.1
20 error npm  v3.10.8
21 error code ELIFECYCLE
22 error mockjsapp@0.0.0 start: `node ./bin/www`
22 error Exit status 3221225786
23 error Failed at the mockjsapp@0.0.0 start script 'node ./bin/www'.
23 error Make sure you have the latest version of node.js and npm installed.
23 error If you do, this is most likely a problem with the mockjsapp package,
23 error not with npm itself.
23 error Tell the author that this fails on your system:
23 error     node ./bin/www
23 error You can get information on how to open an issue for this project with:
23 error     npm bugs mockjsapp
23 error Or if that isn't available, you can get their info via:
23 error     npm owner ls mockjsapp
23 error There is likely additional logging output above.
24 verbose exit [ 1, true ]
